<?xml version="1.0" encoding="UTF-8"?><testsuite errors="0" failures="0" name="com.bestbuy.allusersinfo.CRUDTestForProducts" skipped="0" tests="4" time="1.22" timestamp="2022-06-05T22:28:14.162+01:00[Europe/London]"><testcase classname="com.bestbuy.allusersinfo.CRUDTestForProducts" name="This will create a new product"/><testcase classname="com.bestbuy.allusersinfo.CRUDTestForProducts" name="Verify if the product was added"/><testcase classname="com.bestbuy.allusersinfo.CRUDTestForProducts" name="Update the product information and verify the updated information"/><testcase classname="com.bestbuy.allusersinfo.CRUDTestForProducts" name="Delete the product and verify if the product is deleted!"/></testsuite>