<?xml version="1.0" encoding="UTF-8"?><testsuite errors="0" failures="0" name="com.bestbuy.allusersinfo.CRUDTestForCategories" skipped="0" tests="4" time="4.08" timestamp="2022-06-05T22:28:09.179+01:00[Europe/London]"><testcase classname="com.bestbuy.allusersinfo.CRUDTestForCategories" name="This will create a new category"/><testcase classname="com.bestbuy.allusersinfo.CRUDTestForCategories" name="Verify if the category was created"/><testcase classname="com.bestbuy.allusersinfo.CRUDTestForCategories" name="Update the category information and verify the updated information"/><testcase classname="com.bestbuy.allusersinfo.CRUDTestForCategories" name="Delete the category and verify if the category is deleted!"/></testsuite>