<?xml version="1.0" encoding="UTF-8"?><testsuite errors="0" failures="0" name="com.bestbuy.allusersinfo.CRUDTestForStores" skipped="0" tests="4" time="0.22" timestamp="2022-06-05T22:28:15.643+01:00[Europe/London]"><testcase classname="com.bestbuy.allusersinfo.CRUDTestForStores" name="This will create new store"/><testcase classname="com.bestbuy.allusersinfo.CRUDTestForStores" name="Verify if the store was created in application"/><testcase classname="com.bestbuy.allusersinfo.CRUDTestForStores" name="Update store information and verify the updated information"/><testcase classname="com.bestbuy.allusersinfo.CRUDTestForStores" name="Delete store and verify if the product is deleted"/></testsuite>