<?xml version="1.0" encoding="UTF-8"?><testsuite errors="0" failures="0" name="com.bestbuy.allusersinfo.CRUDTestForServices" skipped="0" tests="4" time="0.19" timestamp="2022-06-05T22:28:15.418+01:00[Europe/London]"><testcase classname="com.bestbuy.allusersinfo.CRUDTestForServices" name="This will create a new service"/><testcase classname="com.bestbuy.allusersinfo.CRUDTestForServices" name="Verify if the service was added"/><testcase classname="com.bestbuy.allusersinfo.CRUDTestForServices" name="Update the service information and verify the updated information"/><testcase classname="com.bestbuy.allusersinfo.CRUDTestForServices" name="Delete the service and verify if the service is deleted!"/></testsuite>